2023-12-23 01:14:31,693 INFO o.a.j.u.JMeterUtils: Setting Locale to en_EN
2023-12-23 01:14:31,708 INFO o.a.j.JMeter: Loading user properties from: C:\Users\SianLyte\Desktop\apache-jmeter-5.6.2\bin\user.properties
2023-12-23 01:14:31,708 INFO o.a.j.JMeter: Loading system properties from: C:\Users\SianLyte\Desktop\apache-jmeter-5.6.2\bin\system.properties
2023-12-23 01:14:31,708 INFO o.a.j.JMeter: Copyright (c) 1998-2023 The Apache Software Foundation
2023-12-23 01:14:31,708 INFO o.a.j.JMeter: Version 5.6.2
2023-12-23 01:14:31,708 INFO o.a.j.JMeter: java.version=17.0.9
2023-12-23 01:14:31,708 INFO o.a.j.JMeter: java.vm.name=Java HotSpot(TM) 64-Bit Server VM
2023-12-23 01:14:31,708 INFO o.a.j.JMeter: os.name=Windows 11
2023-12-23 01:14:31,708 INFO o.a.j.JMeter: os.arch=amd64
2023-12-23 01:14:31,708 INFO o.a.j.JMeter: os.version=10.0
2023-12-23 01:14:31,708 INFO o.a.j.JMeter: file.encoding=Cp1251
2023-12-23 01:14:31,708 INFO o.a.j.JMeter: java.awt.headless=true
2023-12-23 01:14:31,708 INFO o.a.j.JMeter: Max memory     =1073741824
2023-12-23 01:14:31,708 INFO o.a.j.JMeter: Available Processors =16
2023-12-23 01:14:31,724 INFO o.a.j.JMeter: Default Locale=English (EN)
2023-12-23 01:14:31,724 INFO o.a.j.JMeter: JMeter  Locale=English (EN)
2023-12-23 01:14:31,724 INFO o.a.j.JMeter: JMeterHome=C:\Users\SianLyte\Desktop\apache-jmeter-5.6.2
2023-12-23 01:14:31,724 INFO o.a.j.JMeter: user.dir  =C:\Users\SianLyte\Desktop\apache-jmeter-5.6.2\lab9
2023-12-23 01:14:31,724 INFO o.a.j.JMeter: PWD       =C:\Users\SianLyte\Desktop\apache-jmeter-5.6.2\lab9
2023-12-23 01:14:36,268 INFO o.a.j.JMeter: IP: 192.168.56.1 Name: DESKTOP-4TUVR8K FullName: DESKTOP-4TUVR8K
2023-12-23 01:14:36,268 INFO o.a.j.JMeter: Setting property 'jmeter.reportgenerator.outputdir' to:'C:\Users\SianLyte\Desktop\apache-jmeter-5.6.2\lab9\.\RESULT-200'
2023-12-23 01:14:36,284 INFO o.a.j.s.FileServer: Default base='C:\Users\SianLyte\Desktop\apache-jmeter-5.6.2\lab9'
2023-12-23 01:14:36,284 INFO o.a.j.s.FileServer: Set new base='C:\Users\SianLyte\Desktop\apache-jmeter-5.6.2\lab9\.'
2023-12-23 01:14:36,534 INFO o.a.j.s.SaveService: Testplan (JMX) version: 2.2. Testlog (JTL) version: 2.2
2023-12-23 01:14:36,565 INFO o.a.j.s.SaveService: Using SaveService properties version 5.0
2023-12-23 01:14:36,565 INFO o.a.j.s.SaveService: Using SaveService properties file encoding UTF-8
2023-12-23 01:14:36,565 INFO o.a.j.s.SaveService: Loading file: .\test200.jmx
2023-12-23 01:14:36,647 INFO o.a.j.p.h.s.HTTPSamplerBase: Parser for text/html is org.apache.jmeter.protocol.http.parser.LagartoBasedHtmlParser
2023-12-23 01:14:36,647 INFO o.a.j.p.h.s.HTTPSamplerBase: Parser for application/xhtml+xml is org.apache.jmeter.protocol.http.parser.LagartoBasedHtmlParser
2023-12-23 01:14:36,647 INFO o.a.j.p.h.s.HTTPSamplerBase: Parser for application/xml is org.apache.jmeter.protocol.http.parser.LagartoBasedHtmlParser
2023-12-23 01:14:36,647 INFO o.a.j.p.h.s.HTTPSamplerBase: Parser for text/xml is org.apache.jmeter.protocol.http.parser.LagartoBasedHtmlParser
2023-12-23 01:14:36,647 INFO o.a.j.p.h.s.HTTPSamplerBase: Parser for text/vnd.wap.wml is org.apache.jmeter.protocol.http.parser.RegexpHTMLParser
2023-12-23 01:14:36,647 INFO o.a.j.p.h.s.HTTPSamplerBase: Parser for text/css is org.apache.jmeter.protocol.http.parser.CssParser
2023-12-23 01:14:36,878 INFO o.a.j.e.KeyToolUtils: keytool found at 'keytool'
2023-12-23 01:14:36,878 INFO o.a.j.p.h.p.ProxyControl: HTTP(S) Test Script Recorder SSL Proxy will use keys that support embedded 3rd party resources in file C:\Users\SianLyte\Desktop\apache-jmeter-5.6.2\bin\proxyserver.jks
2023-12-23 01:14:36,894 INFO o.a.j.JMeter: Creating summariser <summary>
2023-12-23 01:14:36,894 INFO o.a.j.r.d.ReportGenerator: ReportGenerator will use for Parsing the separator: ','
2023-12-23 01:14:36,894 INFO o.a.j.r.d.ReportGenerator: Will generate report at end of test from  results file: log-200.jtl
2023-12-23 01:14:36,894 INFO o.a.j.r.d.ReportGenerator: Reading report generator properties from: C:\Users\SianLyte\Desktop\apache-jmeter-5.6.2\bin\reportgenerator.properties
2023-12-23 01:14:36,894 INFO o.a.j.r.d.ReportGenerator: Merging with JMeter properties
2023-12-23 01:14:36,894 INFO o.a.j.r.c.ReportGeneratorConfiguration: Property 'jmeter.reportgenerator.temp_dir' not found, using default value 'temp' instead.
2023-12-23 01:14:36,909 INFO o.a.j.r.c.ReportGeneratorConfiguration: Property 'jmeter.reportgenerator.apdex_per_transaction' not found, using default value 'null' instead.
2023-12-23 01:14:36,909 INFO o.a.j.r.c.ReportGeneratorConfiguration: apdex_per_transaction is empty, not APDEX per transaction customization
2023-12-23 01:14:36,909 INFO o.a.j.r.c.ReportGeneratorConfiguration: Property 'jmeter.reportgenerator.sample_filter' not found, using default value 'null' instead.
2023-12-23 01:14:36,909 INFO o.a.j.r.c.ReportGeneratorConfiguration: Property 'jmeter.reportgenerator.report_title' not found, using default value 'null' instead.
2023-12-23 01:14:36,909 INFO o.a.j.r.c.ReportGeneratorConfiguration: Property 'jmeter.reportgenerator.start_date' not found, using default value 'null' instead.
2023-12-23 01:14:36,909 INFO o.a.j.r.c.ReportGeneratorConfiguration: Property 'jmeter.reportgenerator.end_date' not found, using default value 'null' instead.
2023-12-23 01:14:36,909 INFO o.a.j.r.c.ReportGeneratorConfiguration: Property 'jmeter.reportgenerator.date_format' not found, using default value 'null' instead.
2023-12-23 01:14:36,909 INFO o.a.j.r.c.ReportGeneratorConfiguration: Will use date range start date: null, end date: null
2023-12-23 01:14:36,909 INFO o.a.j.r.c.ReportGeneratorConfiguration: Property 'jmeter.reportgenerator.graph.totalTPS.exclude_controllers' not found, using default value 'false' instead.
2023-12-23 01:14:36,909 INFO o.a.j.r.c.ReportGeneratorConfiguration: Property 'jmeter.reportgenerator.graph.activeThreadsOverTime.exclude_controllers' not found, using default value 'false' instead.
2023-12-23 01:14:36,909 INFO o.a.j.r.c.ReportGeneratorConfiguration: Property 'jmeter.reportgenerator.graph.timeVsThreads.exclude_controllers' not found, using default value 'false' instead.
2023-12-23 01:14:36,909 INFO o.a.j.r.c.ReportGeneratorConfiguration: Property 'jmeter.reportgenerator.graph.responseTimeDistribution.exclude_controllers' not found, using default value 'false' instead.
2023-12-23 01:14:36,909 INFO o.a.j.r.c.ReportGeneratorConfiguration: Property 'jmeter.reportgenerator.graph.transactionsPerSecond.exclude_controllers' not found, using default value 'false' instead.
2023-12-23 01:14:36,909 INFO o.a.j.r.c.ReportGeneratorConfiguration: Property 'jmeter.reportgenerator.graph.responseTimePercentiles.exclude_controllers' not found, using default value 'false' instead.
2023-12-23 01:14:36,909 INFO o.a.j.r.c.ReportGeneratorConfiguration: Property 'jmeter.reportgenerator.graph.responseTimePercentilesOverTime.exclude_controllers' not found, using default value 'false' instead.
2023-12-23 01:14:36,909 INFO o.a.j.r.c.ReportGeneratorConfiguration: Property 'jmeter.reportgenerator.graph.responseTimesOverTime.exclude_controllers' not found, using default value 'false' instead.
2023-12-23 01:14:36,909 INFO o.a.j.r.c.ReportGeneratorConfiguration: Property 'jmeter.reportgenerator.graph.connectTimeOverTime.exclude_controllers' not found, using default value 'false' instead.
2023-12-23 01:14:36,909 INFO o.a.j.r.c.ReportGeneratorConfiguration: Property 'jmeter.reportgenerator.graph.latenciesOverTime.exclude_controllers' not found, using default value 'false' instead.
2023-12-23 01:14:36,909 INFO o.a.j.r.c.ReportGeneratorConfiguration: Property 'jmeter.reportgenerator.exporter.json.filters_only_sample_series' not found, using default value 'true' instead.
2023-12-23 01:14:36,909 INFO o.a.j.r.c.ReportGeneratorConfiguration: Property 'jmeter.reportgenerator.exporter.json.series_filter' not found, using default value '' instead.
2023-12-23 01:14:36,909 INFO o.a.j.r.c.ReportGeneratorConfiguration: Property 'jmeter.reportgenerator.exporter.json.show_controllers_only' not found, using default value 'false' instead.
2023-12-23 01:14:36,909 INFO o.a.j.r.c.ReportGeneratorConfiguration: Property 'jmeter.reportgenerator.exporter.html.filters_only_sample_series' not found, using default value 'true' instead.
2023-12-23 01:14:36,909 INFO o.a.j.r.c.ReportGeneratorConfiguration: Property 'jmeter.reportgenerator.exporter.html.series_filter' not found, using default value '' instead.
2023-12-23 01:14:36,909 INFO o.a.j.r.c.ReportGeneratorConfiguration: Property 'jmeter.reportgenerator.exporter.html.show_controllers_only' not found, using default value 'false' instead.
2023-12-23 01:14:36,925 INFO o.a.j.e.StandardJMeterEngine: Running the test!
2023-12-23 01:14:36,925 INFO o.a.j.s.SampleEvent: List of sample_variables: []
2023-12-23 01:14:36,925 INFO o.a.j.s.SampleEvent: List of sample_variables: []
2023-12-23 01:14:36,925 INFO o.a.j.e.u.CompoundVariable: Note: Function class names must contain the string: '.functions.'
2023-12-23 01:14:36,925 INFO o.a.j.e.u.CompoundVariable: Note: Function class names must not contain the string: '.gui.'
2023-12-23 01:14:37,011 INFO o.a.j.JMeter: Running test (1703276077011)
2023-12-23 01:14:37,027 INFO o.a.j.e.StandardJMeterEngine: Starting ThreadGroup: 1 : test
2023-12-23 01:14:37,027 INFO o.a.j.e.StandardJMeterEngine: Starting 200 threads for group test.
2023-12-23 01:14:37,027 INFO o.a.j.e.StandardJMeterEngine: Thread will continue on error
2023-12-23 01:14:37,027 INFO o.a.j.t.ThreadGroup: Starting thread group... number=1 threads=200 ramp-up=5 delayedStart=false
2023-12-23 01:14:37,055 INFO o.a.j.t.JMeterThread: Thread started: test 1-1
2023-12-23 01:14:37,065 INFO o.a.j.t.JMeterThread: Thread started: test 1-2
2023-12-23 01:14:37,090 INFO o.a.j.t.JMeterThread: Thread started: test 1-3
2023-12-23 01:14:37,106 INFO o.a.j.p.h.s.HTTPHCAbstractImpl: Local host = DESKTOP-4TUVR8K
2023-12-23 01:14:37,109 INFO o.a.j.t.JMeterThread: Thread started: test 1-4
2023-12-23 01:14:37,133 INFO o.a.j.p.h.s.HTTPHC4Impl: HTTP request retry count = 0
2023-12-23 01:14:37,138 INFO o.a.j.t.JMeterThread: Thread started: test 1-5
2023-12-23 01:14:37,139 INFO o.a.j.s.SampleResult: Note: Sample TimeStamps are START times
2023-12-23 01:14:37,139 INFO o.a.j.s.SampleResult: sampleresult.default.encoding is set to UTF-8
2023-12-23 01:14:37,139 INFO o.a.j.s.SampleResult: sampleresult.useNanoTime=true
2023-12-23 01:14:37,140 INFO o.a.j.s.SampleResult: sampleresult.nanoThreadSleep=5000
2023-12-23 01:14:37,158 INFO o.a.j.t.JMeterThread: Thread started: test 1-6
2023-12-23 01:14:37,184 INFO o.a.j.t.JMeterThread: Thread started: test 1-7
2023-12-23 01:14:37,214 INFO o.a.j.t.JMeterThread: Thread started: test 1-8
2023-12-23 01:14:37,234 INFO o.a.j.t.JMeterThread: Thread started: test 1-9
2023-12-23 01:14:37,260 INFO o.a.j.t.JMeterThread: Thread started: test 1-10
2023-12-23 01:14:37,284 INFO o.a.j.t.JMeterThread: Thread started: test 1-11
2023-12-23 01:14:37,309 INFO o.a.j.t.JMeterThread: Thread started: test 1-12
2023-12-23 01:14:37,333 INFO o.a.j.t.JMeterThread: Thread started: test 1-13
2023-12-23 01:14:37,369 INFO o.a.j.t.JMeterThread: Thread started: test 1-14
2023-12-23 01:14:37,382 INFO o.a.j.t.JMeterThread: Thread started: test 1-15
2023-12-23 01:14:37,407 INFO o.a.j.t.JMeterThread: Thread started: test 1-16
2023-12-23 01:14:37,432 INFO o.a.j.p.h.s.h.LazyLayeredConnectionSocketFactory: Setting up HTTPS TrustAll Socket Factory
2023-12-23 01:14:37,432 INFO o.a.j.t.JMeterThread: Thread started: test 1-17
2023-12-23 01:14:37,453 INFO o.a.j.u.JsseSSLManager: Using default SSL protocol: TLS
2023-12-23 01:14:37,453 INFO o.a.j.u.JsseSSLManager: SSL session context: per-thread
2023-12-23 01:14:37,456 INFO o.a.j.t.JMeterThread: Thread started: test 1-18
2023-12-23 01:14:37,493 INFO o.a.j.t.JMeterThread: Thread started: test 1-19
2023-12-23 01:14:37,495 INFO o.a.j.t.ThreadGroup: Started thread group number 1
2023-12-23 01:14:37,495 INFO o.a.j.e.StandardJMeterEngine: All thread groups have been started
2023-12-23 01:14:37,507 INFO o.a.j.t.JMeterThread: Thread started: test 1-20
2023-12-23 01:14:37,532 INFO o.a.j.t.JMeterThread: Thread started: test 1-21
2023-12-23 01:14:37,558 INFO o.a.j.t.JMeterThread: Thread started: test 1-22
2023-12-23 01:14:37,582 INFO o.a.j.t.JMeterThread: Thread started: test 1-23
2023-12-23 01:14:37,606 INFO o.a.j.t.JMeterThread: Thread started: test 1-24
2023-12-23 01:14:37,632 INFO o.a.j.t.JMeterThread: Thread started: test 1-25
2023-12-23 01:14:37,656 INFO o.a.j.t.JMeterThread: Thread started: test 1-26
2023-12-23 01:14:37,671 INFO o.a.j.u.SSLManager: JmeterKeyStore Location:  type JKS
2023-12-23 01:14:37,677 INFO o.a.j.u.SSLManager: KeyStore created OK
2023-12-23 01:14:37,677 WARN o.a.j.u.SSLManager: Keystore file not found, loading empty keystore
2023-12-23 01:14:37,681 INFO o.a.j.t.JMeterThread: Thread started: test 1-27
2023-12-23 01:14:37,706 INFO o.a.j.t.JMeterThread: Thread started: test 1-28
2023-12-23 01:14:37,731 INFO o.a.j.t.JMeterThread: Thread started: test 1-29
2023-12-23 01:14:37,756 INFO o.a.j.t.JMeterThread: Thread started: test 1-30
2023-12-23 01:14:37,781 INFO o.a.j.t.JMeterThread: Thread started: test 1-31
2023-12-23 01:14:37,806 INFO o.a.j.t.JMeterThread: Thread started: test 1-32
2023-12-23 01:14:37,834 INFO o.a.j.t.JMeterThread: Thread started: test 1-33
2023-12-23 01:14:37,858 INFO o.a.j.t.JMeterThread: Thread started: test 1-34
2023-12-23 01:14:37,884 INFO o.a.j.t.JMeterThread: Thread started: test 1-35
2023-12-23 01:14:37,906 INFO o.a.j.t.JMeterThread: Thread started: test 1-36
2023-12-23 01:14:37,933 INFO o.a.j.t.JMeterThread: Thread started: test 1-37
2023-12-23 01:14:37,956 INFO o.a.j.t.JMeterThread: Thread started: test 1-38
2023-12-23 01:14:37,981 INFO o.a.j.t.JMeterThread: Thread started: test 1-39
2023-12-23 01:14:38,007 INFO o.a.j.t.JMeterThread: Thread started: test 1-40
2023-12-23 01:14:38,046 INFO o.a.j.t.JMeterThread: Thread started: test 1-41
2023-12-23 01:14:38,063 INFO o.a.j.t.JMeterThread: Thread started: test 1-42
2023-12-23 01:14:38,083 INFO o.a.j.t.JMeterThread: Thread started: test 1-43
2023-12-23 01:14:38,107 INFO o.a.j.t.JMeterThread: Thread started: test 1-44
2023-12-23 01:14:38,133 INFO o.a.j.t.JMeterThread: Thread started: test 1-45
2023-12-23 01:14:38,156 INFO o.a.j.t.JMeterThread: Thread started: test 1-46
2023-12-23 01:14:38,181 INFO o.a.j.t.JMeterThread: Thread started: test 1-47
2023-12-23 01:14:38,220 INFO o.a.j.t.JMeterThread: Thread started: test 1-48
2023-12-23 01:14:38,230 INFO o.a.j.t.JMeterThread: Thread started: test 1-49
2023-12-23 01:14:38,258 INFO o.a.j.t.JMeterThread: Thread started: test 1-50
2023-12-23 01:14:38,282 INFO o.a.j.t.JMeterThread: Thread started: test 1-51
2023-12-23 01:14:38,306 INFO o.a.j.t.JMeterThread: Thread started: test 1-52
2023-12-23 01:14:38,332 INFO o.a.j.t.JMeterThread: Thread started: test 1-53
2023-12-23 01:14:38,356 INFO o.a.j.t.JMeterThread: Thread started: test 1-54
2023-12-23 01:14:38,382 INFO o.a.j.t.JMeterThread: Thread started: test 1-55
2023-12-23 01:14:38,409 INFO o.a.j.t.JMeterThread: Thread started: test 1-56
2023-12-23 01:14:38,431 INFO o.a.j.t.JMeterThread: Thread started: test 1-57
2023-12-23 01:14:38,457 INFO o.a.j.t.JMeterThread: Thread started: test 1-58
2023-12-23 01:14:38,482 INFO o.a.j.t.JMeterThread: Thread started: test 1-59
2023-12-23 01:14:38,508 INFO o.a.j.t.JMeterThread: Thread started: test 1-60
2023-12-23 01:14:38,533 INFO o.a.j.t.JMeterThread: Thread started: test 1-61
2023-12-23 01:14:38,557 INFO o.a.j.t.JMeterThread: Thread started: test 1-62
2023-12-23 01:14:38,581 INFO o.a.j.t.JMeterThread: Thread started: test 1-63
2023-12-23 01:14:38,607 INFO o.a.j.t.JMeterThread: Thread started: test 1-64
2023-12-23 01:14:38,632 INFO o.a.j.t.JMeterThread: Thread started: test 1-65
2023-12-23 01:14:38,668 INFO o.a.j.t.JMeterThread: Thread started: test 1-66
2023-12-23 01:14:38,683 INFO o.a.j.t.JMeterThread: Thread started: test 1-67
2023-12-23 01:14:38,706 INFO o.a.j.t.JMeterThread: Thread started: test 1-68
2023-12-23 01:14:38,731 INFO o.a.j.t.JMeterThread: Thread started: test 1-69
2023-12-23 01:14:38,756 INFO o.a.j.t.JMeterThread: Thread started: test 1-70
2023-12-23 01:14:38,780 INFO o.a.j.t.JMeterThread: Thread started: test 1-71
2023-12-23 01:14:38,805 INFO o.a.j.t.JMeterThread: Thread started: test 1-72
2023-12-23 01:14:38,831 INFO o.a.j.t.JMeterThread: Thread started: test 1-73
2023-12-23 01:14:38,855 INFO o.a.j.t.JMeterThread: Thread started: test 1-74
2023-12-23 01:14:38,882 INFO o.a.j.t.JMeterThread: Thread started: test 1-75
2023-12-23 01:14:38,906 INFO o.a.j.t.JMeterThread: Thread started: test 1-76
2023-12-23 01:14:38,931 INFO o.a.j.t.JMeterThread: Thread started: test 1-77
2023-12-23 01:14:38,957 INFO o.a.j.t.JMeterThread: Thread started: test 1-78
2023-12-23 01:14:38,982 INFO o.a.j.t.JMeterThread: Thread started: test 1-79
2023-12-23 01:14:39,006 INFO o.a.j.t.JMeterThread: Thread started: test 1-80
2023-12-23 01:14:39,031 INFO o.a.j.t.JMeterThread: Thread started: test 1-81
2023-12-23 01:14:39,056 INFO o.a.j.t.JMeterThread: Thread started: test 1-82
2023-12-23 01:14:39,081 INFO o.a.j.t.JMeterThread: Thread started: test 1-83
2023-12-23 01:14:39,106 INFO o.a.j.t.JMeterThread: Thread started: test 1-84
2023-12-23 01:14:39,131 INFO o.a.j.t.JMeterThread: Thread started: test 1-85
2023-12-23 01:14:39,155 INFO o.a.j.t.JMeterThread: Thread started: test 1-86
2023-12-23 01:14:39,181 INFO o.a.j.t.JMeterThread: Thread started: test 1-87
2023-12-23 01:14:39,205 INFO o.a.j.t.JMeterThread: Thread started: test 1-88
2023-12-23 01:14:39,230 INFO o.a.j.t.JMeterThread: Thread started: test 1-89
2023-12-23 01:14:39,255 INFO o.a.j.t.JMeterThread: Thread started: test 1-90
2023-12-23 01:14:39,280 INFO o.a.j.t.JMeterThread: Thread started: test 1-91
2023-12-23 01:14:39,307 INFO o.a.j.t.JMeterThread: Thread started: test 1-92
2023-12-23 01:14:39,333 INFO o.a.j.t.JMeterThread: Thread started: test 1-93
2023-12-23 01:14:39,356 INFO o.a.j.t.JMeterThread: Thread started: test 1-94
2023-12-23 01:14:39,382 INFO o.a.j.t.JMeterThread: Thread started: test 1-95
2023-12-23 01:14:39,407 INFO o.a.j.t.JMeterThread: Thread started: test 1-96
2023-12-23 01:14:39,432 INFO o.a.j.t.JMeterThread: Thread started: test 1-97
2023-12-23 01:14:39,455 INFO o.a.j.t.JMeterThread: Thread started: test 1-98
2023-12-23 01:14:39,481 INFO o.a.j.t.JMeterThread: Thread started: test 1-99
2023-12-23 01:14:39,507 INFO o.a.j.t.JMeterThread: Thread started: test 1-100
2023-12-23 01:14:39,533 INFO o.a.j.t.JMeterThread: Thread started: test 1-101
2023-12-23 01:14:39,556 INFO o.a.j.t.JMeterThread: Thread started: test 1-102
2023-12-23 01:14:39,581 INFO o.a.j.t.JMeterThread: Thread started: test 1-103
2023-12-23 01:14:39,606 INFO o.a.j.t.JMeterThread: Thread started: test 1-104
2023-12-23 01:14:39,633 INFO o.a.j.t.JMeterThread: Thread started: test 1-105
2023-12-23 01:14:39,656 INFO o.a.j.t.JMeterThread: Thread started: test 1-106
2023-12-23 01:14:39,682 INFO o.a.j.t.JMeterThread: Thread started: test 1-107
2023-12-23 01:14:39,706 INFO o.a.j.t.JMeterThread: Thread started: test 1-108
2023-12-23 01:14:39,730 INFO o.a.j.t.JMeterThread: Thread started: test 1-109
2023-12-23 01:14:39,755 INFO o.a.j.t.JMeterThread: Thread started: test 1-110
2023-12-23 01:14:39,782 INFO o.a.j.t.JMeterThread: Thread started: test 1-111
2023-12-23 01:14:39,805 INFO o.a.j.t.JMeterThread: Thread started: test 1-112
2023-12-23 01:14:39,831 INFO o.a.j.t.JMeterThread: Thread started: test 1-113
2023-12-23 01:14:39,857 INFO o.a.j.t.JMeterThread: Thread started: test 1-114
2023-12-23 01:14:39,883 INFO o.a.j.t.JMeterThread: Thread started: test 1-115
2023-12-23 01:14:39,906 INFO o.a.j.t.JMeterThread: Thread started: test 1-116
2023-12-23 01:14:39,931 INFO o.a.j.t.JMeterThread: Thread started: test 1-117
2023-12-23 01:14:39,956 INFO o.a.j.t.JMeterThread: Thread started: test 1-118
2023-12-23 01:14:39,979 INFO o.a.j.t.JMeterThread: Thread started: test 1-119
2023-12-23 01:14:40,005 INFO o.a.j.t.JMeterThread: Thread started: test 1-120
2023-12-23 01:14:40,030 INFO o.a.j.t.JMeterThread: Thread started: test 1-121
2023-12-23 01:14:40,057 INFO o.a.j.t.JMeterThread: Thread started: test 1-122
2023-12-23 01:14:40,079 INFO o.a.j.t.JMeterThread: Thread started: test 1-123
2023-12-23 01:14:40,105 INFO o.a.j.t.JMeterThread: Thread started: test 1-124
2023-12-23 01:14:40,129 INFO o.a.j.t.JMeterThread: Thread started: test 1-125
2023-12-23 01:14:40,154 INFO o.a.j.t.JMeterThread: Thread started: test 1-126
2023-12-23 01:14:40,180 INFO o.a.j.t.JMeterThread: Thread started: test 1-127
2023-12-23 01:14:40,206 INFO o.a.j.t.JMeterThread: Thread started: test 1-128
2023-12-23 01:14:40,230 INFO o.a.j.t.JMeterThread: Thread started: test 1-129
2023-12-23 01:14:40,255 INFO o.a.j.t.JMeterThread: Thread started: test 1-130
2023-12-23 01:14:40,292 INFO o.a.j.t.JMeterThread: Thread started: test 1-131
2023-12-23 01:14:40,317 INFO o.a.j.t.JMeterThread: Thread started: test 1-132
2023-12-23 01:14:40,330 INFO o.a.j.t.JMeterThread: Thread started: test 1-133
2023-12-23 01:14:40,356 INFO o.a.j.t.JMeterThread: Thread started: test 1-134
2023-12-23 01:14:40,389 INFO o.a.j.t.JMeterThread: Thread started: test 1-135
2023-12-23 01:14:40,414 INFO o.a.j.t.JMeterThread: Thread started: test 1-136
2023-12-23 01:14:40,431 INFO o.a.j.t.JMeterThread: Thread started: test 1-137
2023-12-23 01:14:40,456 INFO o.a.j.t.JMeterThread: Thread started: test 1-138
2023-12-23 01:14:40,488 INFO o.a.j.t.JMeterThread: Thread started: test 1-139
2023-12-23 01:14:40,506 INFO o.a.j.t.JMeterThread: Thread started: test 1-140
2023-12-23 01:14:40,532 INFO o.a.j.t.JMeterThread: Thread started: test 1-141
2023-12-23 01:14:40,556 INFO o.a.j.t.JMeterThread: Thread started: test 1-142
2023-12-23 01:14:40,581 INFO o.a.j.t.JMeterThread: Thread started: test 1-143
2023-12-23 01:14:40,606 INFO o.a.j.t.JMeterThread: Thread started: test 1-144
2023-12-23 01:14:40,631 INFO o.a.j.t.JMeterThread: Thread started: test 1-145
2023-12-23 01:14:40,656 INFO o.a.j.t.JMeterThread: Thread started: test 1-146
2023-12-23 01:14:40,681 INFO o.a.j.t.JMeterThread: Thread started: test 1-147
2023-12-23 01:14:40,706 INFO o.a.j.t.JMeterThread: Thread started: test 1-148
2023-12-23 01:14:40,730 INFO o.a.j.t.JMeterThread: Thread started: test 1-149
2023-12-23 01:14:40,755 INFO o.a.j.t.JMeterThread: Thread started: test 1-150
2023-12-23 01:14:40,780 INFO o.a.j.t.JMeterThread: Thread started: test 1-151
2023-12-23 01:14:40,805 INFO o.a.j.t.JMeterThread: Thread started: test 1-152
2023-12-23 01:14:40,830 INFO o.a.j.t.JMeterThread: Thread started: test 1-153
2023-12-23 01:14:40,855 INFO o.a.j.t.JMeterThread: Thread started: test 1-154
2023-12-23 01:14:40,881 INFO o.a.j.t.JMeterThread: Thread started: test 1-155
2023-12-23 01:14:40,906 INFO o.a.j.t.JMeterThread: Thread started: test 1-156
2023-12-23 01:14:40,931 INFO o.a.j.t.JMeterThread: Thread started: test 1-157
2023-12-23 01:14:40,955 INFO o.a.j.t.JMeterThread: Thread started: test 1-158
2023-12-23 01:14:40,981 INFO o.a.j.t.JMeterThread: Thread started: test 1-159
2023-12-23 01:14:41,006 INFO o.a.j.t.JMeterThread: Thread started: test 1-160
2023-12-23 01:14:41,031 INFO o.a.j.t.JMeterThread: Thread started: test 1-161
2023-12-23 01:14:41,056 INFO o.a.j.t.JMeterThread: Thread started: test 1-162
2023-12-23 01:14:41,079 INFO o.a.j.t.JMeterThread: Thread started: test 1-163
2023-12-23 01:14:41,105 INFO o.a.j.t.JMeterThread: Thread started: test 1-164
2023-12-23 01:14:41,130 INFO o.a.j.t.JMeterThread: Thread started: test 1-165
2023-12-23 01:14:41,155 INFO o.a.j.t.JMeterThread: Thread started: test 1-166
2023-12-23 01:14:41,179 INFO o.a.j.t.JMeterThread: Thread started: test 1-167
2023-12-23 01:14:41,204 INFO o.a.j.t.JMeterThread: Thread started: test 1-168
2023-12-23 01:14:41,229 INFO o.a.j.t.JMeterThread: Thread started: test 1-169
2023-12-23 01:14:41,254 INFO o.a.j.t.JMeterThread: Thread started: test 1-170
2023-12-23 01:14:41,279 INFO o.a.j.t.JMeterThread: Thread started: test 1-171
2023-12-23 01:14:41,305 INFO o.a.j.t.JMeterThread: Thread started: test 1-172
2023-12-23 01:14:41,329 INFO o.a.j.t.JMeterThread: Thread started: test 1-173
2023-12-23 01:14:41,354 INFO o.a.j.t.JMeterThread: Thread started: test 1-174
2023-12-23 01:14:41,379 INFO o.a.j.t.JMeterThread: Thread started: test 1-175
2023-12-23 01:14:41,404 INFO o.a.j.t.JMeterThread: Thread started: test 1-176
2023-12-23 01:14:41,429 INFO o.a.j.t.JMeterThread: Thread started: test 1-177
2023-12-23 01:14:41,454 INFO o.a.j.t.JMeterThread: Thread started: test 1-178
2023-12-23 01:14:41,480 INFO o.a.j.t.JMeterThread: Thread started: test 1-179
2023-12-23 01:14:41,507 INFO o.a.j.t.JMeterThread: Thread started: test 1-180
2023-12-23 01:14:41,530 INFO o.a.j.t.JMeterThread: Thread started: test 1-181
2023-12-23 01:14:41,556 INFO o.a.j.t.JMeterThread: Thread started: test 1-182
2023-12-23 01:14:41,580 INFO o.a.j.t.JMeterThread: Thread started: test 1-183
2023-12-23 01:14:41,605 INFO o.a.j.t.JMeterThread: Thread started: test 1-184
2023-12-23 01:14:41,629 INFO o.a.j.t.JMeterThread: Thread started: test 1-185
2023-12-23 01:14:41,655 INFO o.a.j.t.JMeterThread: Thread started: test 1-186
2023-12-23 01:14:41,679 INFO o.a.j.t.JMeterThread: Thread started: test 1-187
2023-12-23 01:14:41,705 INFO o.a.j.t.JMeterThread: Thread started: test 1-188
2023-12-23 01:14:41,730 INFO o.a.j.t.JMeterThread: Thread started: test 1-189
2023-12-23 01:14:41,755 INFO o.a.j.t.JMeterThread: Thread started: test 1-190
2023-12-23 01:14:41,782 INFO o.a.j.t.JMeterThread: Thread started: test 1-191
2023-12-23 01:14:41,807 INFO o.a.j.t.JMeterThread: Thread started: test 1-192
2023-12-23 01:14:41,830 INFO o.a.j.t.JMeterThread: Thread started: test 1-193
2023-12-23 01:14:41,856 INFO o.a.j.t.JMeterThread: Thread started: test 1-194
2023-12-23 01:14:41,880 INFO o.a.j.t.JMeterThread: Thread started: test 1-195
2023-12-23 01:14:41,905 INFO o.a.j.t.JMeterThread: Thread started: test 1-196
2023-12-23 01:14:41,929 INFO o.a.j.t.JMeterThread: Thread started: test 1-197
2023-12-23 01:14:41,954 INFO o.a.j.t.JMeterThread: Thread started: test 1-198
2023-12-23 01:14:41,994 INFO o.a.j.t.JMeterThread: Thread started: test 1-199
2023-12-23 01:14:42,019 INFO o.a.j.t.JMeterThread: Thread started: test 1-200
2023-12-23 01:14:51,642 INFO o.a.j.t.JMeterThread: Thread is done: test 1-23
2023-12-23 01:14:51,642 INFO o.a.j.t.JMeterThread: Thread finished: test 1-23
2023-12-23 01:14:52,049 INFO o.a.j.t.JMeterThread: Thread is done: test 1-25
2023-12-23 01:14:52,049 INFO o.a.j.t.JMeterThread: Thread finished: test 1-25
2023-12-23 01:14:52,288 INFO o.a.j.t.JMeterThread: Thread is done: test 1-19
2023-12-23 01:14:52,288 INFO o.a.j.t.JMeterThread: Thread finished: test 1-19
2023-12-23 01:14:52,574 INFO o.a.j.t.JMeterThread: Thread is done: test 1-34
2023-12-23 01:14:52,574 INFO o.a.j.t.JMeterThread: Thread finished: test 1-34
2023-12-23 01:14:52,888 INFO o.a.j.t.JMeterThread: Thread is done: test 1-86
2023-12-23 01:14:52,888 INFO o.a.j.t.JMeterThread: Thread finished: test 1-86
2023-12-23 01:14:53,795 INFO o.a.j.t.JMeterThread: Thread is done: test 1-9
2023-12-23 01:14:53,795 INFO o.a.j.t.JMeterThread: Thread finished: test 1-9
2023-12-23 01:14:54,015 INFO o.a.j.t.JMeterThread: Thread is done: test 1-36
2023-12-23 01:14:54,015 INFO o.a.j.t.JMeterThread: Thread finished: test 1-36
2023-12-23 01:14:54,031 INFO o.a.j.t.JMeterThread: Thread is done: test 1-28
2023-12-23 01:14:54,031 INFO o.a.j.t.JMeterThread: Thread finished: test 1-28
2023-12-23 01:14:54,375 INFO o.a.j.t.JMeterThread: Thread is done: test 1-6
2023-12-23 01:14:54,375 INFO o.a.j.t.JMeterThread: Thread finished: test 1-6
2023-12-23 01:14:54,627 INFO o.a.j.t.JMeterThread: Thread is done: test 1-37
2023-12-23 01:14:54,627 INFO o.a.j.t.JMeterThread: Thread finished: test 1-37
2023-12-23 01:14:54,909 INFO o.a.j.t.JMeterThread: Thread is done: test 1-21
2023-12-23 01:14:54,909 INFO o.a.j.t.JMeterThread: Thread finished: test 1-21
2023-12-23 01:14:55,300 INFO o.a.j.t.JMeterThread: Thread is done: test 1-32
2023-12-23 01:14:55,300 INFO o.a.j.t.JMeterThread: Thread finished: test 1-32
2023-12-23 01:14:55,738 INFO o.a.j.t.JMeterThread: Thread is done: test 1-50
2023-12-23 01:14:55,738 INFO o.a.j.t.JMeterThread: Thread finished: test 1-50
2023-12-23 01:14:55,847 INFO o.a.j.t.JMeterThread: Thread is done: test 1-16
2023-12-23 01:14:55,847 INFO o.a.j.t.JMeterThread: Thread finished: test 1-16
2023-12-23 01:14:55,957 INFO o.a.j.t.JMeterThread: Thread is done: test 1-7
2023-12-23 01:14:55,957 INFO o.a.j.t.JMeterThread: Thread finished: test 1-7
2023-12-23 01:14:56,181 INFO o.a.j.t.JMeterThread: Thread is done: test 1-12
2023-12-23 01:14:56,181 INFO o.a.j.t.JMeterThread: Thread finished: test 1-12
2023-12-23 01:14:56,181 INFO o.a.j.t.JMeterThread: Thread is done: test 1-11
2023-12-23 01:14:56,181 INFO o.a.j.t.JMeterThread: Thread finished: test 1-11
2023-12-23 01:14:56,181 INFO o.a.j.t.JMeterThread: Thread is done: test 1-15
2023-12-23 01:14:56,197 INFO o.a.j.t.JMeterThread: Thread finished: test 1-15
2023-12-23 01:14:56,291 INFO o.a.j.t.JMeterThread: Thread is done: test 1-100
2023-12-23 01:14:56,291 INFO o.a.j.t.JMeterThread: Thread finished: test 1-100
2023-12-23 01:14:56,447 INFO o.a.j.t.JMeterThread: Thread is done: test 1-26
2023-12-23 01:14:56,447 INFO o.a.j.t.JMeterThread: Thread finished: test 1-26
2023-12-23 01:14:57,057 INFO o.a.j.t.JMeterThread: Thread is done: test 1-3
2023-12-23 01:14:57,057 INFO o.a.j.t.JMeterThread: Thread finished: test 1-3
2023-12-23 01:14:57,104 INFO o.a.j.t.JMeterThread: Thread is done: test 1-41
2023-12-23 01:14:57,104 INFO o.a.j.t.JMeterThread: Thread finished: test 1-41
2023-12-23 01:14:57,119 INFO o.a.j.t.JMeterThread: Thread is done: test 1-22
2023-12-23 01:14:57,119 INFO o.a.j.t.JMeterThread: Thread finished: test 1-22
2023-12-23 01:14:57,119 INFO o.a.j.t.JMeterThread: Thread is done: test 1-90
2023-12-23 01:14:57,119 INFO o.a.j.t.JMeterThread: Thread finished: test 1-90
2023-12-23 01:14:57,119 INFO o.a.j.t.JMeterThread: Thread is done: test 1-198
2023-12-23 01:14:57,119 INFO o.a.j.t.JMeterThread: Thread finished: test 1-198
2023-12-23 01:14:57,135 INFO o.a.j.t.JMeterThread: Thread is done: test 1-2
2023-12-23 01:14:57,135 INFO o.a.j.t.JMeterThread: Thread finished: test 1-2
2023-12-23 01:14:57,166 INFO o.a.j.t.JMeterThread: Thread is done: test 1-17
2023-12-23 01:14:57,166 INFO o.a.j.t.JMeterThread: Thread finished: test 1-17
2023-12-23 01:14:57,182 INFO o.a.j.t.JMeterThread: Thread is done: test 1-31
2023-12-23 01:14:57,182 INFO o.a.j.t.JMeterThread: Thread finished: test 1-31
2023-12-23 01:14:57,291 INFO o.a.j.t.JMeterThread: Thread is done: test 1-47
2023-12-23 01:14:57,291 INFO o.a.j.t.JMeterThread: Thread finished: test 1-47
2023-12-23 01:14:57,369 INFO o.a.j.t.JMeterThread: Thread is done: test 1-117
2023-12-23 01:14:57,369 INFO o.a.j.t.JMeterThread: Thread finished: test 1-117
2023-12-23 01:14:57,400 INFO o.a.j.t.JMeterThread: Thread is done: test 1-51
2023-12-23 01:14:57,400 INFO o.a.j.t.JMeterThread: Thread finished: test 1-51
2023-12-23 01:14:57,666 INFO o.a.j.t.JMeterThread: Thread is done: test 1-35
2023-12-23 01:14:57,666 INFO o.a.j.t.JMeterThread: Thread finished: test 1-35
2023-12-23 01:14:58,057 INFO o.a.j.t.JMeterThread: Thread is done: test 1-107
2023-12-23 01:14:58,057 INFO o.a.j.t.JMeterThread: Thread finished: test 1-107
2023-12-23 01:14:58,230 INFO o.a.j.t.JMeterThread: Thread is done: test 1-91
2023-12-23 01:14:58,230 INFO o.a.j.t.JMeterThread: Thread finished: test 1-91
2023-12-23 01:14:58,589 INFO o.a.j.t.JMeterThread: Thread is done: test 1-61
2023-12-23 01:14:58,589 INFO o.a.j.t.JMeterThread: Thread finished: test 1-61
2023-12-23 01:14:58,620 INFO o.a.j.t.JMeterThread: Thread is done: test 1-172
2023-12-23 01:14:58,620 INFO o.a.j.t.JMeterThread: Thread finished: test 1-172
2023-12-23 01:14:58,729 INFO o.a.j.t.JMeterThread: Thread is done: test 1-102
2023-12-23 01:14:58,729 INFO o.a.j.t.JMeterThread: Thread finished: test 1-102
2023-12-23 01:14:58,803 INFO o.a.j.t.JMeterThread: Thread is done: test 1-165
2023-12-23 01:14:58,803 INFO o.a.j.t.JMeterThread: Thread finished: test 1-165
2023-12-23 01:14:58,808 INFO o.a.j.t.JMeterThread: Thread is done: test 1-101
2023-12-23 01:14:58,808 INFO o.a.j.t.JMeterThread: Thread finished: test 1-101
2023-12-23 01:14:58,808 INFO o.a.j.t.JMeterThread: Thread is done: test 1-53
2023-12-23 01:14:58,809 INFO o.a.j.t.JMeterThread: Thread finished: test 1-53
2023-12-23 01:14:59,232 INFO o.a.j.t.JMeterThread: Thread is done: test 1-94
2023-12-23 01:14:59,232 INFO o.a.j.t.JMeterThread: Thread finished: test 1-94
2023-12-23 01:14:59,311 INFO o.a.j.t.JMeterThread: Thread is done: test 1-134
2023-12-23 01:14:59,311 INFO o.a.j.t.JMeterThread: Thread finished: test 1-134
2023-12-23 01:14:59,359 INFO o.a.j.t.JMeterThread: Thread is done: test 1-80
2023-12-23 01:14:59,359 INFO o.a.j.t.JMeterThread: Thread finished: test 1-80
2023-12-23 01:14:59,530 INFO o.a.j.t.JMeterThread: Thread is done: test 1-81
2023-12-23 01:14:59,530 INFO o.a.j.t.JMeterThread: Thread finished: test 1-81
2023-12-23 01:14:59,671 INFO o.a.j.t.JMeterThread: Thread is done: test 1-75
2023-12-23 01:14:59,671 INFO o.a.j.t.JMeterThread: Thread finished: test 1-75
2023-12-23 01:14:59,687 INFO o.a.j.t.JMeterThread: Thread is done: test 1-76
2023-12-23 01:14:59,687 INFO o.a.j.t.JMeterThread: Thread finished: test 1-76
2023-12-23 01:14:59,813 INFO o.a.j.t.JMeterThread: Thread is done: test 1-8
2023-12-23 01:14:59,813 INFO o.a.j.t.JMeterThread: Thread finished: test 1-8
2023-12-23 01:14:59,922 INFO o.a.j.t.JMeterThread: Thread is done: test 1-71
2023-12-23 01:14:59,922 INFO o.a.j.t.JMeterThread: Thread finished: test 1-71
2023-12-23 01:14:59,984 INFO o.a.j.t.JMeterThread: Thread is done: test 1-106
2023-12-23 01:14:59,984 INFO o.a.j.t.JMeterThread: Thread finished: test 1-106
2023-12-23 01:15:00,000 INFO o.a.j.r.Summariser: summary +   5354 in 00:00:23 =  232.9/s Avg:   605 Min:    48 Max: 12602 Err:     0 (0.00%) Active: 151 Started: 200 Finished: 49
2023-12-23 01:15:00,140 INFO o.a.j.t.JMeterThread: Thread is done: test 1-30
2023-12-23 01:15:00,140 INFO o.a.j.t.JMeterThread: Thread finished: test 1-30
2023-12-23 01:15:00,438 INFO o.a.j.t.JMeterThread: Thread is done: test 1-87
2023-12-23 01:15:00,438 INFO o.a.j.t.JMeterThread: Thread finished: test 1-87
2023-12-23 01:15:00,526 INFO o.a.j.t.JMeterThread: Thread is done: test 1-73
2023-12-23 01:15:00,526 INFO o.a.j.t.JMeterThread: Thread finished: test 1-73
2023-12-23 01:15:00,891 INFO o.a.j.t.JMeterThread: Thread is done: test 1-42
2023-12-23 01:15:00,891 INFO o.a.j.t.JMeterThread: Thread finished: test 1-42
2023-12-23 01:15:00,923 INFO o.a.j.t.JMeterThread: Thread is done: test 1-29
2023-12-23 01:15:00,923 INFO o.a.j.t.JMeterThread: Thread finished: test 1-29
2023-12-23 01:15:00,985 INFO o.a.j.t.JMeterThread: Thread is done: test 1-82
2023-12-23 01:15:00,985 INFO o.a.j.t.JMeterThread: Thread finished: test 1-82
2023-12-23 01:15:01,001 INFO o.a.j.t.JMeterThread: Thread is done: test 1-197
2023-12-23 01:15:01,001 INFO o.a.j.t.JMeterThread: Thread finished: test 1-197
2023-12-23 01:15:01,001 INFO o.a.j.t.JMeterThread: Thread is done: test 1-18
2023-12-23 01:15:01,001 INFO o.a.j.t.JMeterThread: Thread finished: test 1-18
2023-12-23 01:15:01,110 INFO o.a.j.t.JMeterThread: Thread is done: test 1-13
2023-12-23 01:15:01,110 INFO o.a.j.t.JMeterThread: Thread finished: test 1-13
2023-12-23 01:15:01,157 INFO o.a.j.t.JMeterThread: Thread is done: test 1-131
2023-12-23 01:15:01,157 INFO o.a.j.t.JMeterThread: Thread finished: test 1-131
2023-12-23 01:15:01,173 INFO o.a.j.t.JMeterThread: Thread is done: test 1-92
2023-12-23 01:15:01,173 INFO o.a.j.t.JMeterThread: Thread finished: test 1-92
2023-12-23 01:15:01,267 INFO o.a.j.t.JMeterThread: Thread is done: test 1-68
2023-12-23 01:15:01,267 INFO o.a.j.t.JMeterThread: Thread finished: test 1-68
2023-12-23 01:15:01,376 INFO o.a.j.t.JMeterThread: Thread is done: test 1-89
2023-12-23 01:15:01,376 INFO o.a.j.t.JMeterThread: Thread finished: test 1-89
2023-12-23 01:15:01,376 INFO o.a.j.t.JMeterThread: Thread is done: test 1-54
2023-12-23 01:15:01,376 INFO o.a.j.t.JMeterThread: Thread finished: test 1-54
2023-12-23 01:15:01,392 INFO o.a.j.t.JMeterThread: Thread is done: test 1-14
2023-12-23 01:15:01,392 INFO o.a.j.t.JMeterThread: Thread finished: test 1-14
2023-12-23 01:15:01,470 INFO o.a.j.t.JMeterThread: Thread is done: test 1-77
2023-12-23 01:15:01,470 INFO o.a.j.t.JMeterThread: Thread finished: test 1-77
2023-12-23 01:15:01,486 INFO o.a.j.t.JMeterThread: Thread is done: test 1-166
2023-12-23 01:15:01,486 INFO o.a.j.t.JMeterThread: Thread finished: test 1-166
2023-12-23 01:15:01,502 INFO o.a.j.t.JMeterThread: Thread is done: test 1-79
2023-12-23 01:15:01,502 INFO o.a.j.t.JMeterThread: Thread finished: test 1-79
2023-12-23 01:15:01,564 INFO o.a.j.t.JMeterThread: Thread is done: test 1-58
2023-12-23 01:15:01,564 INFO o.a.j.t.JMeterThread: Thread finished: test 1-58
2023-12-23 01:15:01,580 INFO o.a.j.t.JMeterThread: Thread is done: test 1-70
2023-12-23 01:15:01,580 INFO o.a.j.t.JMeterThread: Thread finished: test 1-70
2023-12-23 01:15:01,595 INFO o.a.j.t.JMeterThread: Thread is done: test 1-27
2023-12-23 01:15:01,595 INFO o.a.j.t.JMeterThread: Thread finished: test 1-27
2023-12-23 01:15:01,627 INFO o.a.j.t.JMeterThread: Thread is done: test 1-72
2023-12-23 01:15:01,627 INFO o.a.j.t.JMeterThread: Thread finished: test 1-72
2023-12-23 01:15:01,674 INFO o.a.j.t.JMeterThread: Thread is done: test 1-105
2023-12-23 01:15:01,674 INFO o.a.j.t.JMeterThread: Thread finished: test 1-105
2023-12-23 01:15:01,674 INFO o.a.j.t.JMeterThread: Thread is done: test 1-5
2023-12-23 01:15:01,674 INFO o.a.j.t.JMeterThread: Thread finished: test 1-5
2023-12-23 01:15:01,674 INFO o.a.j.t.JMeterThread: Thread is done: test 1-116
2023-12-23 01:15:01,674 INFO o.a.j.t.JMeterThread: Thread finished: test 1-116
2023-12-23 01:15:01,705 INFO o.a.j.t.JMeterThread: Thread is done: test 1-135
2023-12-23 01:15:01,705 INFO o.a.j.t.JMeterThread: Thread finished: test 1-135
2023-12-23 01:15:01,924 INFO o.a.j.t.JMeterThread: Thread is done: test 1-67
2023-12-23 01:15:01,924 INFO o.a.j.t.JMeterThread: Thread finished: test 1-67
2023-12-23 01:15:02,081 INFO o.a.j.t.JMeterThread: Thread is done: test 1-137
2023-12-23 01:15:02,081 INFO o.a.j.t.JMeterThread: Thread finished: test 1-137
2023-12-23 01:15:02,237 INFO o.a.j.t.JMeterThread: Thread is done: test 1-84
2023-12-23 01:15:02,237 INFO o.a.j.t.JMeterThread: Thread finished: test 1-84
2023-12-23 01:15:02,284 INFO o.a.j.t.JMeterThread: Thread is done: test 1-103
2023-12-23 01:15:02,284 INFO o.a.j.t.JMeterThread: Thread finished: test 1-103
2023-12-23 01:15:02,332 INFO o.a.j.t.JMeterThread: Thread is done: test 1-176
2023-12-23 01:15:02,332 INFO o.a.j.t.JMeterThread: Thread finished: test 1-176
2023-12-23 01:15:02,347 INFO o.a.j.t.JMeterThread: Thread is done: test 1-40
2023-12-23 01:15:02,347 INFO o.a.j.t.JMeterThread: Thread finished: test 1-40
2023-12-23 01:15:02,394 INFO o.a.j.t.JMeterThread: Thread is done: test 1-88
2023-12-23 01:15:02,394 INFO o.a.j.t.JMeterThread: Thread finished: test 1-88
2023-12-23 01:15:02,426 INFO o.a.j.t.JMeterThread: Thread is done: test 1-111
2023-12-23 01:15:02,426 INFO o.a.j.t.JMeterThread: Thread finished: test 1-111
2023-12-23 01:15:02,457 INFO o.a.j.t.JMeterThread: Thread is done: test 1-194
2023-12-23 01:15:02,457 INFO o.a.j.t.JMeterThread: Thread finished: test 1-194
2023-12-23 01:15:02,598 INFO o.a.j.t.JMeterThread: Thread is done: test 1-78
2023-12-23 01:15:02,598 INFO o.a.j.t.JMeterThread: Thread finished: test 1-78
2023-12-23 01:15:02,598 INFO o.a.j.t.JMeterThread: Thread is done: test 1-191
2023-12-23 01:15:02,598 INFO o.a.j.t.JMeterThread: Thread finished: test 1-191
2023-12-23 01:15:02,685 INFO o.a.j.t.JMeterThread: Thread is done: test 1-159
2023-12-23 01:15:02,685 INFO o.a.j.t.JMeterThread: Thread finished: test 1-159
2023-12-23 01:15:02,685 INFO o.a.j.t.JMeterThread: Thread is done: test 1-118
2023-12-23 01:15:02,685 INFO o.a.j.t.JMeterThread: Thread finished: test 1-118
2023-12-23 01:15:02,701 INFO o.a.j.t.JMeterThread: Thread is done: test 1-124
2023-12-23 01:15:02,701 INFO o.a.j.t.JMeterThread: Thread finished: test 1-124
2023-12-23 01:15:02,732 INFO o.a.j.t.JMeterThread: Thread is done: test 1-98
2023-12-23 01:15:02,732 INFO o.a.j.t.JMeterThread: Thread finished: test 1-98
2023-12-23 01:15:02,748 INFO o.a.j.t.JMeterThread: Thread is done: test 1-43
2023-12-23 01:15:02,748 INFO o.a.j.t.JMeterThread: Thread finished: test 1-43
2023-12-23 01:15:02,763 INFO o.a.j.t.JMeterThread: Thread is done: test 1-33
2023-12-23 01:15:02,763 INFO o.a.j.t.JMeterThread: Thread finished: test 1-33
2023-12-23 01:15:02,842 INFO o.a.j.t.JMeterThread: Thread is done: test 1-140
2023-12-23 01:15:02,842 INFO o.a.j.t.JMeterThread: Thread finished: test 1-140
2023-12-23 01:15:02,857 INFO o.a.j.t.JMeterThread: Thread is done: test 1-44
2023-12-23 01:15:02,857 INFO o.a.j.t.JMeterThread: Thread finished: test 1-44
2023-12-23 01:15:02,873 INFO o.a.j.t.JMeterThread: Thread is done: test 1-115
2023-12-23 01:15:02,873 INFO o.a.j.t.JMeterThread: Thread finished: test 1-115
2023-12-23 01:15:02,920 INFO o.a.j.t.JMeterThread: Thread is done: test 1-97
2023-12-23 01:15:02,920 INFO o.a.j.t.JMeterThread: Thread finished: test 1-97
2023-12-23 01:15:02,935 INFO o.a.j.t.JMeterThread: Thread is done: test 1-104
2023-12-23 01:15:02,935 INFO o.a.j.t.JMeterThread: Thread finished: test 1-104
2023-12-23 01:15:02,951 INFO o.a.j.t.JMeterThread: Thread is done: test 1-112
2023-12-23 01:15:02,951 INFO o.a.j.t.JMeterThread: Thread finished: test 1-112
2023-12-23 01:15:02,982 INFO o.a.j.t.JMeterThread: Thread is done: test 1-152
2023-12-23 01:15:02,982 INFO o.a.j.t.JMeterThread: Thread finished: test 1-152
2023-12-23 01:15:03,107 INFO o.a.j.t.JMeterThread: Thread is done: test 1-56
2023-12-23 01:15:03,107 INFO o.a.j.t.JMeterThread: Thread finished: test 1-56
2023-12-23 01:15:03,123 INFO o.a.j.t.JMeterThread: Thread is done: test 1-177
2023-12-23 01:15:03,123 INFO o.a.j.t.JMeterThread: Thread finished: test 1-177
2023-12-23 01:15:03,123 INFO o.a.j.t.JMeterThread: Thread is done: test 1-38
2023-12-23 01:15:03,123 INFO o.a.j.t.JMeterThread: Thread finished: test 1-38
2023-12-23 01:15:03,201 INFO o.a.j.t.JMeterThread: Thread is done: test 1-63
2023-12-23 01:15:03,201 INFO o.a.j.t.JMeterThread: Thread finished: test 1-63
2023-12-23 01:15:03,263 INFO o.a.j.t.JMeterThread: Thread is done: test 1-192
2023-12-23 01:15:03,263 INFO o.a.j.t.JMeterThread: Thread finished: test 1-192
2023-12-23 01:15:03,285 INFO o.a.j.t.JMeterThread: Thread is done: test 1-39
2023-12-23 01:15:03,285 INFO o.a.j.t.JMeterThread: Thread finished: test 1-39
2023-12-23 01:15:03,326 INFO o.a.j.t.JMeterThread: Thread is done: test 1-93
2023-12-23 01:15:03,326 INFO o.a.j.t.JMeterThread: Thread finished: test 1-93
2023-12-23 01:15:03,326 INFO o.a.j.t.JMeterThread: Thread is done: test 1-20
2023-12-23 01:15:03,326 INFO o.a.j.t.JMeterThread: Thread finished: test 1-20
2023-12-23 01:15:03,358 INFO o.a.j.t.JMeterThread: Thread is done: test 1-129
2023-12-23 01:15:03,358 INFO o.a.j.t.JMeterThread: Thread finished: test 1-129
2023-12-23 01:15:03,420 INFO o.a.j.t.JMeterThread: Thread is done: test 1-113
2023-12-23 01:15:03,420 INFO o.a.j.t.JMeterThread: Thread finished: test 1-113
2023-12-23 01:15:03,498 INFO o.a.j.t.JMeterThread: Thread is done: test 1-65
2023-12-23 01:15:03,498 INFO o.a.j.t.JMeterThread: Thread finished: test 1-65
2023-12-23 01:15:03,498 INFO o.a.j.t.JMeterThread: Thread is done: test 1-187
2023-12-23 01:15:03,514 INFO o.a.j.t.JMeterThread: Thread finished: test 1-187
2023-12-23 01:15:03,545 INFO o.a.j.t.JMeterThread: Thread is done: test 1-96
2023-12-23 01:15:03,545 INFO o.a.j.t.JMeterThread: Thread finished: test 1-96
2023-12-23 01:15:03,545 INFO o.a.j.t.JMeterThread: Thread is done: test 1-55
2023-12-23 01:15:03,545 INFO o.a.j.t.JMeterThread: Thread finished: test 1-55
2023-12-23 01:15:03,576 INFO o.a.j.t.JMeterThread: Thread is done: test 1-66
2023-12-23 01:15:03,576 INFO o.a.j.t.JMeterThread: Thread finished: test 1-66
2023-12-23 01:15:03,576 INFO o.a.j.t.JMeterThread: Thread is done: test 1-150
2023-12-23 01:15:03,576 INFO o.a.j.t.JMeterThread: Thread finished: test 1-150
2023-12-23 01:15:03,686 INFO o.a.j.t.JMeterThread: Thread is done: test 1-48
2023-12-23 01:15:03,686 INFO o.a.j.t.JMeterThread: Thread finished: test 1-48
2023-12-23 01:15:03,686 INFO o.a.j.t.JMeterThread: Thread is done: test 1-132
2023-12-23 01:15:03,686 INFO o.a.j.t.JMeterThread: Thread finished: test 1-132
2023-12-23 01:15:03,920 INFO o.a.j.t.JMeterThread: Thread is done: test 1-156
2023-12-23 01:15:03,920 INFO o.a.j.t.JMeterThread: Thread finished: test 1-156
2023-12-23 01:15:04,061 INFO o.a.j.t.JMeterThread: Thread is done: test 1-148
2023-12-23 01:15:04,061 INFO o.a.j.t.JMeterThread: Thread finished: test 1-148
2023-12-23 01:15:04,076 INFO o.a.j.t.JMeterThread: Thread is done: test 1-59
2023-12-23 01:15:04,076 INFO o.a.j.t.JMeterThread: Thread finished: test 1-59
2023-12-23 01:15:04,108 INFO o.a.j.t.JMeterThread: Thread is done: test 1-83
2023-12-23 01:15:04,108 INFO o.a.j.t.JMeterThread: Thread finished: test 1-83
2023-12-23 01:15:04,139 INFO o.a.j.t.JMeterThread: Thread is done: test 1-85
2023-12-23 01:15:04,139 INFO o.a.j.t.JMeterThread: Thread finished: test 1-85
2023-12-23 01:15:04,139 INFO o.a.j.t.JMeterThread: Thread is done: test 1-136
2023-12-23 01:15:04,139 INFO o.a.j.t.JMeterThread: Thread finished: test 1-136
2023-12-23 01:15:04,311 INFO o.a.j.t.JMeterThread: Thread is done: test 1-109
2023-12-23 01:15:04,311 INFO o.a.j.t.JMeterThread: Thread finished: test 1-109
2023-12-23 01:15:04,380 INFO o.a.j.t.JMeterThread: Thread is done: test 1-155
2023-12-23 01:15:04,380 INFO o.a.j.t.JMeterThread: Thread finished: test 1-155
2023-12-23 01:15:04,412 INFO o.a.j.t.JMeterThread: Thread is done: test 1-151
2023-12-23 01:15:04,412 INFO o.a.j.t.JMeterThread: Thread finished: test 1-151
2023-12-23 01:15:04,458 INFO o.a.j.t.JMeterThread: Thread is done: test 1-1
2023-12-23 01:15:04,458 INFO o.a.j.t.JMeterThread: Thread finished: test 1-1
2023-12-23 01:15:04,505 INFO o.a.j.t.JMeterThread: Thread is done: test 1-126
2023-12-23 01:15:04,505 INFO o.a.j.t.JMeterThread: Thread finished: test 1-126
2023-12-23 01:15:04,600 INFO o.a.j.t.JMeterThread: Thread is done: test 1-146
2023-12-23 01:15:04,600 INFO o.a.j.t.JMeterThread: Thread finished: test 1-146
2023-12-23 01:15:04,741 INFO o.a.j.t.JMeterThread: Thread is done: test 1-45
2023-12-23 01:15:04,741 INFO o.a.j.t.JMeterThread: Thread finished: test 1-45
2023-12-23 01:15:04,741 INFO o.a.j.t.JMeterThread: Thread is done: test 1-127
2023-12-23 01:15:04,741 INFO o.a.j.t.JMeterThread: Thread finished: test 1-127
2023-12-23 01:15:04,756 INFO o.a.j.t.JMeterThread: Thread is done: test 1-69
2023-12-23 01:15:04,756 INFO o.a.j.t.JMeterThread: Thread finished: test 1-69
2023-12-23 01:15:04,756 INFO o.a.j.t.JMeterThread: Thread is done: test 1-167
2023-12-23 01:15:04,756 INFO o.a.j.t.JMeterThread: Thread finished: test 1-167
2023-12-23 01:15:04,756 INFO o.a.j.t.JMeterThread: Thread is done: test 1-168
2023-12-23 01:15:04,756 INFO o.a.j.t.JMeterThread: Thread finished: test 1-168
2023-12-23 01:15:04,756 INFO o.a.j.t.JMeterThread: Thread is done: test 1-130
2023-12-23 01:15:04,756 INFO o.a.j.t.JMeterThread: Thread finished: test 1-130
2023-12-23 01:15:04,772 INFO o.a.j.t.JMeterThread: Thread is done: test 1-162
2023-12-23 01:15:04,772 INFO o.a.j.t.JMeterThread: Thread finished: test 1-162
2023-12-23 01:15:04,788 INFO o.a.j.t.JMeterThread: Thread is done: test 1-142
2023-12-23 01:15:04,788 INFO o.a.j.t.JMeterThread: Thread finished: test 1-142
2023-12-23 01:15:04,803 INFO o.a.j.t.JMeterThread: Thread is done: test 1-160
2023-12-23 01:15:04,803 INFO o.a.j.t.JMeterThread: Thread finished: test 1-160
2023-12-23 01:15:04,881 INFO o.a.j.t.JMeterThread: Thread is done: test 1-174
2023-12-23 01:15:04,881 INFO o.a.j.t.JMeterThread: Thread finished: test 1-174
2023-12-23 01:15:04,897 INFO o.a.j.t.JMeterThread: Thread is done: test 1-49
2023-12-23 01:15:04,897 INFO o.a.j.t.JMeterThread: Thread finished: test 1-49
2023-12-23 01:15:04,944 INFO o.a.j.t.JMeterThread: Thread is done: test 1-120
2023-12-23 01:15:04,944 INFO o.a.j.t.JMeterThread: Thread finished: test 1-120
2023-12-23 01:15:04,960 INFO o.a.j.t.JMeterThread: Thread is done: test 1-188
2023-12-23 01:15:04,960 INFO o.a.j.t.JMeterThread: Thread finished: test 1-188
2023-12-23 01:15:04,975 INFO o.a.j.t.JMeterThread: Thread is done: test 1-180
2023-12-23 01:15:04,975 INFO o.a.j.t.JMeterThread: Thread finished: test 1-180
2023-12-23 01:15:05,070 INFO o.a.j.t.JMeterThread: Thread is done: test 1-110
2023-12-23 01:15:05,070 INFO o.a.j.t.JMeterThread: Thread finished: test 1-110
2023-12-23 01:15:05,070 INFO o.a.j.t.JMeterThread: Thread is done: test 1-128
2023-12-23 01:15:05,070 INFO o.a.j.t.JMeterThread: Thread finished: test 1-128
2023-12-23 01:15:05,085 INFO o.a.j.t.JMeterThread: Thread is done: test 1-99
2023-12-23 01:15:05,085 INFO o.a.j.t.JMeterThread: Thread finished: test 1-99
2023-12-23 01:15:05,163 INFO o.a.j.t.JMeterThread: Thread is done: test 1-60
2023-12-23 01:15:05,163 INFO o.a.j.t.JMeterThread: Thread finished: test 1-60
2023-12-23 01:15:05,226 INFO o.a.j.t.JMeterThread: Thread is done: test 1-145
2023-12-23 01:15:05,226 INFO o.a.j.t.JMeterThread: Thread finished: test 1-145
2023-12-23 01:15:05,257 INFO o.a.j.t.JMeterThread: Thread is done: test 1-143
2023-12-23 01:15:05,257 INFO o.a.j.t.JMeterThread: Thread finished: test 1-143
2023-12-23 01:15:05,366 INFO o.a.j.t.JMeterThread: Thread is done: test 1-196
2023-12-23 01:15:05,366 INFO o.a.j.t.JMeterThread: Thread finished: test 1-196
2023-12-23 01:15:05,460 INFO o.a.j.t.JMeterThread: Thread is done: test 1-123
2023-12-23 01:15:05,460 INFO o.a.j.t.JMeterThread: Thread finished: test 1-123
2023-12-23 01:15:05,460 INFO o.a.j.t.JMeterThread: Thread is done: test 1-186
2023-12-23 01:15:05,460 INFO o.a.j.t.JMeterThread: Thread finished: test 1-186
2023-12-23 01:15:05,586 INFO o.a.j.t.JMeterThread: Thread is done: test 1-171
2023-12-23 01:15:05,586 INFO o.a.j.t.JMeterThread: Thread finished: test 1-171
2023-12-23 01:15:05,617 INFO o.a.j.t.JMeterThread: Thread is done: test 1-139
2023-12-23 01:15:05,617 INFO o.a.j.t.JMeterThread: Thread finished: test 1-139
2023-12-23 01:15:05,648 INFO o.a.j.t.JMeterThread: Thread is done: test 1-170
2023-12-23 01:15:05,648 INFO o.a.j.t.JMeterThread: Thread finished: test 1-170
2023-12-23 01:15:05,664 INFO o.a.j.t.JMeterThread: Thread is done: test 1-24
2023-12-23 01:15:05,664 INFO o.a.j.t.JMeterThread: Thread finished: test 1-24
2023-12-23 01:15:05,679 INFO o.a.j.t.JMeterThread: Thread is done: test 1-169
2023-12-23 01:15:05,679 INFO o.a.j.t.JMeterThread: Thread finished: test 1-169
2023-12-23 01:15:05,710 INFO o.a.j.t.JMeterThread: Thread is done: test 1-114
2023-12-23 01:15:05,710 INFO o.a.j.t.JMeterThread: Thread finished: test 1-114
2023-12-23 01:15:05,851 INFO o.a.j.t.JMeterThread: Thread is done: test 1-108
2023-12-23 01:15:05,851 INFO o.a.j.t.JMeterThread: Thread finished: test 1-108
2023-12-23 01:15:05,851 INFO o.a.j.t.JMeterThread: Thread is done: test 1-200
2023-12-23 01:15:05,851 INFO o.a.j.t.JMeterThread: Thread finished: test 1-200
2023-12-23 01:15:05,867 INFO o.a.j.t.JMeterThread: Thread is done: test 1-185
2023-12-23 01:15:05,867 INFO o.a.j.t.JMeterThread: Thread finished: test 1-185
2023-12-23 01:15:05,867 INFO o.a.j.t.JMeterThread: Thread is done: test 1-122
2023-12-23 01:15:05,867 INFO o.a.j.t.JMeterThread: Thread finished: test 1-122
2023-12-23 01:15:05,898 INFO o.a.j.t.JMeterThread: Thread is done: test 1-178
2023-12-23 01:15:05,898 INFO o.a.j.t.JMeterThread: Thread finished: test 1-178
2023-12-23 01:15:05,961 INFO o.a.j.t.JMeterThread: Thread is done: test 1-161
2023-12-23 01:15:05,961 INFO o.a.j.t.JMeterThread: Thread finished: test 1-161
2023-12-23 01:15:05,992 INFO o.a.j.t.JMeterThread: Thread is done: test 1-125
2023-12-23 01:15:05,992 INFO o.a.j.t.JMeterThread: Thread finished: test 1-125
2023-12-23 01:15:06,039 INFO o.a.j.t.JMeterThread: Thread is done: test 1-46
2023-12-23 01:15:06,039 INFO o.a.j.t.JMeterThread: Thread finished: test 1-46
2023-12-23 01:15:06,039 INFO o.a.j.t.JMeterThread: Thread is done: test 1-195
2023-12-23 01:15:06,039 INFO o.a.j.t.JMeterThread: Thread finished: test 1-195
2023-12-23 01:15:06,070 INFO o.a.j.t.JMeterThread: Thread is done: test 1-4
2023-12-23 01:15:06,070 INFO o.a.j.t.JMeterThread: Thread finished: test 1-4
2023-12-23 01:15:06,070 INFO o.a.j.t.JMeterThread: Thread is done: test 1-62
2023-12-23 01:15:06,070 INFO o.a.j.t.JMeterThread: Thread finished: test 1-62
2023-12-23 01:15:06,101 INFO o.a.j.t.JMeterThread: Thread is done: test 1-133
2023-12-23 01:15:06,101 INFO o.a.j.t.JMeterThread: Thread finished: test 1-133
2023-12-23 01:15:06,155 INFO o.a.j.t.JMeterThread: Thread is done: test 1-164
2023-12-23 01:15:06,155 INFO o.a.j.t.JMeterThread: Thread finished: test 1-164
2023-12-23 01:15:06,170 INFO o.a.j.t.JMeterThread: Thread is done: test 1-147
2023-12-23 01:15:06,170 INFO o.a.j.t.JMeterThread: Thread finished: test 1-147
2023-12-23 01:15:06,196 INFO o.a.j.t.JMeterThread: Thread is done: test 1-153
2023-12-23 01:15:06,196 INFO o.a.j.t.JMeterThread: Thread finished: test 1-153
2023-12-23 01:15:06,196 INFO o.a.j.t.JMeterThread: Thread is done: test 1-154
2023-12-23 01:15:06,196 INFO o.a.j.t.JMeterThread: Thread finished: test 1-154
2023-12-23 01:15:06,196 INFO o.a.j.t.JMeterThread: Thread is done: test 1-199
2023-12-23 01:15:06,196 INFO o.a.j.t.JMeterThread: Thread finished: test 1-199
2023-12-23 01:15:06,227 INFO o.a.j.t.JMeterThread: Thread is done: test 1-10
2023-12-23 01:15:06,227 INFO o.a.j.t.JMeterThread: Thread finished: test 1-10
2023-12-23 01:15:06,242 INFO o.a.j.t.JMeterThread: Thread is done: test 1-182
2023-12-23 01:15:06,242 INFO o.a.j.t.JMeterThread: Thread finished: test 1-182
2023-12-23 01:15:06,305 INFO o.a.j.t.JMeterThread: Thread is done: test 1-141
2023-12-23 01:15:06,305 INFO o.a.j.t.JMeterThread: Thread finished: test 1-141
2023-12-23 01:15:06,305 INFO o.a.j.t.JMeterThread: Thread is done: test 1-52
2023-12-23 01:15:06,305 INFO o.a.j.t.JMeterThread: Thread finished: test 1-52
2023-12-23 01:15:06,320 INFO o.a.j.t.JMeterThread: Thread is done: test 1-138
2023-12-23 01:15:06,320 INFO o.a.j.t.JMeterThread: Thread finished: test 1-138
2023-12-23 01:15:06,320 INFO o.a.j.t.JMeterThread: Thread is done: test 1-95
2023-12-23 01:15:06,320 INFO o.a.j.t.JMeterThread: Thread finished: test 1-95
2023-12-23 01:15:06,352 INFO o.a.j.t.JMeterThread: Thread is done: test 1-121
2023-12-23 01:15:06,352 INFO o.a.j.t.JMeterThread: Thread finished: test 1-121
2023-12-23 01:15:06,368 INFO o.a.j.t.JMeterThread: Thread is done: test 1-181
2023-12-23 01:15:06,368 INFO o.a.j.t.JMeterThread: Thread finished: test 1-181
2023-12-23 01:15:06,383 INFO o.a.j.t.JMeterThread: Thread is done: test 1-173
2023-12-23 01:15:06,383 INFO o.a.j.t.JMeterThread: Thread finished: test 1-173
2023-12-23 01:15:06,399 INFO o.a.j.t.JMeterThread: Thread is done: test 1-190
2023-12-23 01:15:06,399 INFO o.a.j.t.JMeterThread: Thread finished: test 1-190
2023-12-23 01:15:06,414 INFO o.a.j.t.JMeterThread: Thread is done: test 1-179
2023-12-23 01:15:06,414 INFO o.a.j.t.JMeterThread: Thread finished: test 1-179
2023-12-23 01:15:06,430 INFO o.a.j.t.JMeterThread: Thread is done: test 1-163
2023-12-23 01:15:06,430 INFO o.a.j.t.JMeterThread: Thread finished: test 1-163
2023-12-23 01:15:06,508 INFO o.a.j.t.JMeterThread: Thread is done: test 1-64
2023-12-23 01:15:06,508 INFO o.a.j.t.JMeterThread: Thread is done: test 1-193
2023-12-23 01:15:06,523 INFO o.a.j.t.JMeterThread: Thread finished: test 1-193
2023-12-23 01:15:06,523 INFO o.a.j.t.JMeterThread: Thread finished: test 1-64
2023-12-23 01:15:06,523 INFO o.a.j.t.JMeterThread: Thread is done: test 1-157
2023-12-23 01:15:06,523 INFO o.a.j.t.JMeterThread: Thread finished: test 1-157
2023-12-23 01:15:06,555 INFO o.a.j.t.JMeterThread: Thread is done: test 1-189
2023-12-23 01:15:06,555 INFO o.a.j.t.JMeterThread: Thread finished: test 1-189
2023-12-23 01:15:06,570 INFO o.a.j.t.JMeterThread: Thread is done: test 1-74
2023-12-23 01:15:06,570 INFO o.a.j.t.JMeterThread: Thread finished: test 1-74
2023-12-23 01:15:06,617 INFO o.a.j.t.JMeterThread: Thread is done: test 1-144
2023-12-23 01:15:06,617 INFO o.a.j.t.JMeterThread: Thread finished: test 1-144
2023-12-23 01:15:06,679 INFO o.a.j.t.JMeterThread: Thread is done: test 1-119
2023-12-23 01:15:06,679 INFO o.a.j.t.JMeterThread: Thread finished: test 1-119
2023-12-23 01:15:06,695 INFO o.a.j.t.JMeterThread: Thread is done: test 1-57
2023-12-23 01:15:06,695 INFO o.a.j.t.JMeterThread: Thread finished: test 1-57
2023-12-23 01:15:06,742 INFO o.a.j.t.JMeterThread: Thread is done: test 1-184
2023-12-23 01:15:06,742 INFO o.a.j.t.JMeterThread: Thread finished: test 1-184
2023-12-23 01:15:06,929 INFO o.a.j.t.JMeterThread: Thread is done: test 1-158
2023-12-23 01:15:06,929 INFO o.a.j.t.JMeterThread: Thread finished: test 1-158
2023-12-23 01:15:07,023 INFO o.a.j.t.JMeterThread: Thread is done: test 1-183
2023-12-23 01:15:07,023 INFO o.a.j.t.JMeterThread: Thread finished: test 1-183
2023-12-23 01:15:07,055 INFO o.a.j.t.JMeterThread: Thread is done: test 1-175
2023-12-23 01:15:07,055 INFO o.a.j.t.JMeterThread: Thread finished: test 1-175
2023-12-23 01:15:07,211 INFO o.a.j.t.JMeterThread: Thread is done: test 1-149
2023-12-23 01:15:07,211 INFO o.a.j.t.JMeterThread: Thread finished: test 1-149
2023-12-23 01:15:07,211 INFO o.a.j.e.StandardJMeterEngine: Notifying test listeners of end of test
2023-12-23 01:15:07,211 INFO o.a.j.r.Summariser: summary +    246 in 00:00:07 =   34.1/s Avg:  5358 Min:   135 Max: 14718 Err:     0 (0.00%) Active: 0 Started: 200 Finished: 200
2023-12-23 01:15:07,211 INFO o.a.j.r.Summariser: summary =   5600 in 00:00:30 =  185.4/s Avg:   814 Min:    48 Max: 14718 Err:     0 (0.00%)
2023-12-23 01:15:07,211 INFO o.a.j.JMeter: Generating Dashboard
2023-12-23 01:15:07,211 INFO o.a.j.r.d.ReportGenerator: Flushing result collector before report Generation
2023-12-23 01:15:07,211 INFO o.a.j.r.p.NormalizerSampleConsumer: Using format, 'ms', to parse timeStamp field
2023-12-23 01:15:07,570 INFO o.a.j.r.p.AbstractSampleConsumer: class org.apache.jmeter.report.processor.AggregateConsumer#stopProducing(): beginDate produced 0 samples
2023-12-23 01:15:07,570 INFO o.a.j.r.p.AbstractSampleConsumer: class org.apache.jmeter.report.processor.AggregateConsumer#stopProducing(): endDate produced 0 samples
2023-12-23 01:15:07,586 INFO o.a.j.r.p.AbstractSampleConsumer: class org.apache.jmeter.report.processor.ApdexSummaryConsumer#stopProducing(): apdexSummary produced 0 samples
2023-12-23 01:15:07,586 INFO o.a.j.r.p.AbstractSampleConsumer: class org.apache.jmeter.report.processor.RequestsSummaryConsumer#stopProducing(): requestsSummary produced 0 samples
2023-12-23 01:15:07,617 INFO o.a.j.r.p.AbstractSampleConsumer: class org.apache.jmeter.report.processor.StatisticsSummaryConsumer#stopProducing(): statisticsSummary produced 0 samples
2023-12-23 01:15:07,617 INFO o.a.j.r.p.AbstractSampleConsumer: class org.apache.jmeter.report.processor.Top5ErrorsBySamplerConsumer#stopProducing(): top5ErrorsBySampler produced 0 samples
2023-12-23 01:15:07,617 INFO o.a.j.r.p.AbstractSampleConsumer: class org.apache.jmeter.report.processor.ErrorsSummaryConsumer#stopProducing(): errorsSummary produced 0 samples
2023-12-23 01:15:07,617 INFO o.a.j.r.p.AbstractSampleConsumer: class org.apache.jmeter.report.processor.graph.impl.HitsPerSecondGraphConsumer#stopProducing(): hitsPerSecond produced 0 samples
2023-12-23 01:15:07,711 INFO o.a.j.r.p.AbstractSampleConsumer: class org.apache.jmeter.report.processor.graph.impl.LatencyVSRequestGraphConsumer#stopProducing(): latencyVsRequest produced 0 samples
2023-12-23 01:15:07,711 INFO o.a.j.r.p.AbstractSampleConsumer: class org.apache.jmeter.report.processor.graph.impl.SyntheticResponseTimeDistributionGraphConsumer#stopProducing(): syntheticResponseTimeDistribution produced 0 samples
2023-12-23 01:15:07,711 INFO o.a.j.r.p.AbstractSampleConsumer: class org.apache.jmeter.report.processor.graph.impl.BytesThroughputGraphConsumer#stopProducing(): bytesThroughputOverTime produced 0 samples
2023-12-23 01:15:07,711 INFO o.a.j.r.p.AbstractSampleConsumer: class org.apache.jmeter.report.processor.graph.impl.CodesPerSecondGraphConsumer#stopProducing(): codesPerSecond produced 0 samples
2023-12-23 01:15:07,773 INFO o.a.j.r.p.AbstractSampleConsumer: class org.apache.jmeter.report.processor.graph.impl.ResponseTimeVSRequestGraphConsumer#stopProducing(): responseTimeVsRequest produced 0 samples
2023-12-23 01:15:07,773 INFO o.a.j.r.p.AbstractSampleConsumer: class org.apache.jmeter.report.processor.FilterConsumer#stopProducing(): startIntervalControlerFilter produced 39200 samples
2023-12-23 01:15:07,773 INFO o.a.j.r.p.AbstractSampleConsumer: class org.apache.jmeter.report.processor.graph.impl.TotalTPSGraphConsumer#stopProducing(): totalTPS produced 0 samples
2023-12-23 01:15:07,773 INFO o.a.j.r.p.AbstractSampleConsumer: class org.apache.jmeter.report.processor.graph.impl.ActiveThreadsGraphConsumer#stopProducing(): activeThreadsOverTime produced 0 samples
2023-12-23 01:15:07,773 INFO o.a.j.r.p.AbstractSampleConsumer: class org.apache.jmeter.report.processor.graph.impl.TimeVSThreadGraphConsumer#stopProducing(): timeVsThreads produced 0 samples
2023-12-23 01:15:07,789 INFO o.a.j.r.p.AbstractSampleConsumer: class org.apache.jmeter.report.processor.graph.impl.ResponseTimeDistributionGraphConsumer#stopProducing(): responseTimeDistribution produced 0 samples
2023-12-23 01:15:07,789 INFO o.a.j.r.p.AbstractSampleConsumer: class org.apache.jmeter.report.processor.graph.impl.TransactionsPerSecondGraphConsumer#stopProducing(): transactionsPerSecond produced 0 samples
2023-12-23 01:15:07,789 INFO o.a.j.r.p.AbstractSampleConsumer: class org.apache.jmeter.report.processor.graph.impl.ResponseTimePercentilesGraphConsumer#stopProducing(): responseTimePercentiles produced 0 samples
2023-12-23 01:15:07,789 INFO o.a.j.r.p.AbstractSampleConsumer: class org.apache.jmeter.report.processor.graph.impl.ResponseTimePercentilesOverTimeGraphConsumer#stopProducing(): responseTimePercentilesOverTime produced 0 samples
2023-12-23 01:15:07,789 INFO o.a.j.r.p.AbstractSampleConsumer: class org.apache.jmeter.report.processor.graph.impl.ResponseTimeOverTimeGraphConsumer#stopProducing(): responseTimesOverTime produced 0 samples
2023-12-23 01:15:07,789 INFO o.a.j.r.p.AbstractSampleConsumer: class org.apache.jmeter.report.processor.graph.impl.ConnectTimeOverTimeGraphConsumer#stopProducing(): connectTimeOverTime produced 0 samples
2023-12-23 01:15:07,789 INFO o.a.j.r.p.AbstractSampleConsumer: class org.apache.jmeter.report.processor.graph.impl.LatencyOverTimeGraphConsumer#stopProducing(): latenciesOverTime produced 0 samples
2023-12-23 01:15:07,789 INFO o.a.j.r.p.AbstractSampleConsumer: class org.apache.jmeter.report.processor.FilterConsumer#stopProducing(): nameFilter produced 84000 samples
2023-12-23 01:15:07,789 INFO o.a.j.r.p.AbstractSampleConsumer: class org.apache.jmeter.report.processor.FilterConsumer#stopProducing(): dateRangeFilter produced 16800 samples
2023-12-23 01:15:07,789 INFO o.a.j.r.p.AbstractSampleConsumer: class org.apache.jmeter.report.processor.NormalizerSampleConsumer#stopProducing(): normalizer produced 5600 samples
2023-12-23 01:15:07,804 INFO o.a.j.r.p.CsvFileSampleSource: produce(): 5600 samples produced in 547ms on channel 0
2023-12-23 01:15:07,804 INFO o.a.j.r.d.ReportGenerator: Exporting data using exporter:'json' of className:'org.apache.jmeter.report.dashboard.JsonExporter'
2023-12-23 01:15:07,952 INFO o.a.j.r.d.JsonExporter: Found data for consumer statisticsSummaryin context
2023-12-23 01:15:07,952 INFO o.a.j.r.d.JsonExporter: Creating statistics for overall
2023-12-23 01:15:07,952 INFO o.a.j.r.d.JsonExporter: Creating statistics for other transactions
2023-12-23 01:15:07,952 INFO o.a.j.r.d.JsonExporter: Checking output folder
2023-12-23 01:15:07,952 INFO o.a.j.r.d.JsonExporter: Writing statistics JSON to C:\Users\SianLyte\Desktop\apache-jmeter-5.6.2\lab9\.\RESULT-200\statistics.json
2023-12-23 01:15:08,014 INFO o.a.j.r.d.ReportGenerator: Exporting data using exporter:'html' of className:'org.apache.jmeter.report.dashboard.HtmlTemplateExporter'
2023-12-23 01:15:08,014 INFO o.a.j.r.d.HtmlTemplateExporter: Will generate dashboard in folder: C:\Users\SianLyte\Desktop\apache-jmeter-5.6.2\lab9\.\RESULT-200
2023-12-23 01:15:08,217 INFO o.a.j.r.d.HtmlTemplateExporter: Report will be generated in: C:\Users\SianLyte\Desktop\apache-jmeter-5.6.2\lab9\.\RESULT-200, creating folder structure
2023-12-23 01:15:08,217 INFO o.a.j.r.d.TemplateVisitor: Copying folder from 'C:\Users\SianLyte\Desktop\apache-jmeter-5.6.2\bin\report-template' to 'C:\Users\SianLyte\Desktop\apache-jmeter-5.6.2\lab9\.\RESULT-200', got message: C:\Users\SianLyte\Desktop\apache-jmeter-5.6.2\lab9\.\RESULT-200, found non empty folder with following content [C:\Users\SianLyte\Desktop\apache-jmeter-5.6.2\lab9\.\RESULT-200\statistics.json], will be ignored
2023-12-23 01:15:08,592 INFO o.a.j.JMeter: Dashboard generated
